<?xml version="1.0" encoding="UTF-8"?>
<coverage generated="1623124236482" clover="3.2.0">
  <project timestamp="1623124236485" name="All files">
    <metrics statements="30" coveredstatements="28" conditionals="0" coveredconditionals="0" methods="20" coveredmethods="19" elements="50" coveredelements="47" complexity="0" loc="30" ncloc="30" packages="2" files="5" classes="5"/>
    <package name="api">
      <metrics statements="2" coveredstatements="2" conditionals="0" coveredconditionals="0" methods="2" coveredmethods="2"/>
      <file name="Comics.js" path="C:\Users\MI PC\Proyectos personales\masiv-comics\src\api\Comics.js">
        <metrics statements="2" coveredstatements="2" conditionals="0" coveredconditionals="0" methods="2" coveredmethods="2"/>
        <line num="5" count="1" type="stmt"/>
        <line num="9" count="1" type="stmt"/>
      </file>
    </package>
    <package name="store.modules.comics">
      <metrics statements="28" coveredstatements="26" conditionals="0" coveredconditionals="0" methods="18" coveredmethods="17"/>
      <file name="actions.js" path="C:\Users\MI PC\Proyectos personales\masiv-comics\src\store\modules\comics\actions.js">
        <metrics statements="15" coveredstatements="13" conditionals="0" coveredconditionals="0" methods="9" coveredmethods="8"/>
        <line num="4" count="1" type="stmt"/>
        <line num="6" count="1" type="stmt"/>
        <line num="8" count="1" type="stmt"/>
        <line num="9" count="1" type="stmt"/>
        <line num="12" count="1" type="stmt"/>
        <line num="13" count="1" type="stmt"/>
        <line num="16" count="0" type="stmt"/>
        <line num="17" count="0" type="stmt"/>
        <line num="21" count="1" type="stmt"/>
        <line num="22" count="1" type="stmt"/>
        <line num="25" count="1" type="stmt"/>
        <line num="28" count="1" type="stmt"/>
        <line num="31" count="1" type="stmt"/>
        <line num="34" count="1" type="stmt"/>
        <line num="37" count="1" type="stmt"/>
      </file>
      <file name="getters.js" path="C:\Users\MI PC\Proyectos personales\masiv-comics\src\store\modules\comics\getters.js">
        <metrics statements="3" coveredstatements="3" conditionals="0" coveredconditionals="0" methods="2" coveredmethods="2"/>
        <line num="3" count="1" type="stmt"/>
        <line num="5" count="1" type="stmt"/>
        <line num="6" count="2" type="stmt"/>
      </file>
      <file name="mutations.js" path="C:\Users\MI PC\Proyectos personales\masiv-comics\src\store\modules\comics\mutations.js">
        <metrics statements="8" coveredstatements="8" conditionals="0" coveredconditionals="0" methods="7" coveredmethods="7"/>
        <line num="3" count="1" type="stmt"/>
        <line num="5" count="1" type="stmt"/>
        <line num="8" count="1" type="stmt"/>
        <line num="11" count="1" type="stmt"/>
        <line num="14" count="1" type="stmt"/>
        <line num="17" count="1" type="stmt"/>
        <line num="20" count="1" type="stmt"/>
        <line num="23" count="1" type="stmt"/>
      </file>
      <file name="types.js" path="C:\Users\MI PC\Proyectos personales\masiv-comics\src\store\modules\comics\types.js">
        <metrics statements="2" coveredstatements="2" conditionals="0" coveredconditionals="0" methods="0" coveredmethods="0"/>
        <line num="1" count="3" type="stmt"/>
        <line num="3" count="3" type="stmt"/>
      </file>
    </package>
  </project>
</coverage>
